#
# There is insufficient memory for the Java Runtime Environment to continue.
# Native memory allocation (mmap) failed to map 268435456 bytes for Failed to commit area from 0x0000000701c00000 to 0x0000000711c00000 of length 268435456.
# Possible reasons:
#   The system is out of physical RAM or swap space
#   The process is running with CompressedOops enabled, and the Java Heap may be blocking the growth of the native heap
# Possible solutions:
#   Reduce memory load on the system
#   Increase physical memory or swap space
#   Check if swap backing store is full
#   Decrease Java heap size (-Xmx/-Xms)
#   Decrease number of Java threads
#   Decrease Java thread stack sizes (-Xss)
#   Set larger code cache with -XX:ReservedCodeCacheSize=
# This output file may be truncated or incomplete.
#
#  Out of Memory Error (c:/BuildAgent/work/64e6ab55ab19e5a9/src/hotspot/os/windows/os_windows.cpp:3272), pid=33820, tid=37072
#
# JRE version:  (11.0.2+9) (build )
# Java VM: OpenJDK 64-Bit Server VM (11.0.2+9-b159.60, mixed mode, aot, sharing, tiered, compressed oops, g1 gc, windows-amd64)
# No core dump will be written. Minidumps are not enabled by default on client versions of Windows
#

---------------  S U M M A R Y ------------

Command Line: org.jetbrains.git4idea.http.GitAskPassApp Username for 'http://cngit.fir.ai': 

Host: Intel(R) Core(TM) i7-8550U CPU @ 1.80GHz, 8 cores, 15G,  Windows 10 , 64 bit Build 17134 (10.0.17134.1425)
Time: Thu Oct 29 19:33:13 2020 ?D1¨²¡À¨º¡Á?¨º¡À?? elapsed time: 0 seconds (0d 0h 0m 0s)

---------------  T H R E A D  ---------------

Current thread (0x000002db13503800):  JavaThread "Unknown thread" [_thread_in_vm, id=37072, stack(0x000000e51ca00000,0x000000e51cb00000)]

Stack: [0x000000e51ca00000,0x000000e51cb00000]
Native frames: (J=compiled Java code, j=interpreted, Vv=VM code, C=native code)
V  [jvm.dll+0x5da82a]
V  [jvm.dll+0x70b6c9]
V  [jvm.dll+0x70cbe8]
V  [jvm.dll+0x70d2b3]
V  [jvm.dll+0x240f18]
V  [jvm.dll+0x5d7fc4]
V  [jvm.dll+0x5cd115]
V  [jvm.dll+0x2fa5eb]
V  [jvm.dll+0x2fa55a]
V  [jvm.dll+0x2fa432]
V  [jvm.dll+0x2ff316]
V  [jvm.dll+0x347993]
V  [jvm.dll+0x348096]
V  [jvm.dll+0x347a93]
V  [jvm.dll+0x2d5588]
V  [jvm.dll+0x2d66c7]
V  [jvm.dll+0x6eaac7]
V  [jvm.dll+0x6ec22c]
V  [jvm.dll+0x3551c9]
V  [jvm.dll+0x6d274e]
V  [jvm.dll+0x3bd953]
V  [jvm.dll+0x3bfcc1]
C  [java.exe+0x3763]
C  [java.exe+0x17a0c]
C  [KERNEL32.DLL+0x14034]
C  [ntdll.dll+0x73691]


---------------  P R O C E S S  ---------------

Threads class SMR info:
_java_thread_list=0x000002db11347590, length=0, elements={
}

Java Threads: ( => current thread )

Other Threads:
  0x000002db1351a000 GCTaskThread "GC Thread#0" [stack: 0x000000e51cb00000,0x000000e51cc00000] [id=5392]
  0x000002db13578000 ConcurrentGCThread "G1 Main Marker" [stack: 0x000000e51cc00000,0x000000e51cd00000] [id=30064]
  0x000002db13579000 ConcurrentGCThread "G1 Conc#0" [stack: 0x000000e51cd00000,0x000000e51ce00000] [id=36576]

[error occurred during error reporting (printing all threads), id 0xc0000005, EXCEPTION_ACCESS_VIOLATION (0xc0000005) at pc=0x00007ff9c53b5687]

VM state:not at safepoint (not fully initialized)

VM Mutex/Monitor currently owned by a thread:  ([mutex/lock_event])
[0x000002db13502f00] Heap_lock - owner thread: 0x000002db13503800

Heap address: 0x0000000701c00000, size: 4068 MB, Compressed Oops mode: Non-zero based: 0x0000000701c00000
Narrow klass base: 0x0000000000000000, Narrow klass shift: 0

GC Heap History (0 events):
No events

Deoptimization events (0 events):
No events

Classes redefined (0 events):
No events

Internal exceptions (0 events):
No events

Events (0 events):
No events


Dynamic libraries:
0x00007ff67feb0000 - 0x00007ff67fef7000 	C:\Program Files\JetBrains\PyCharm Community Edition 2019.1.3\jre64\bin\java.exe
0x00007ffa00e00000 - 0x00007ffa00fe1000 	C:\Windows\SYSTEM32\ntdll.dll
0x00007ffa00200000 - 0x00007ffa002b1000 	C:\Windows\System32\KERNEL32.DLL
0x00007ff9fd1a0000 - 0x00007ff9fd413000 	C:\Windows\System32\KERNELBASE.dll
0x00007ff9ffc70000 - 0x00007ff9ffe01000 	C:\Windows\System32\USER32.dll
0x00007ff9fd840000 - 0x00007ff9fd860000 	C:\Windows\System32\win32u.dll
0x00007ffa007a0000 - 0x00007ffa007c8000 	C:\Windows\System32\GDI32.dll
0x00007ff9fd420000 - 0x00007ff9fd5b3000 	C:\Windows\System32\gdi32full.dll
0x00007ff9fd860000 - 0x00007ff9fd8ff000 	C:\Windows\System32\msvcp_win.dll
0x00007ff9fd640000 - 0x00007ff9fd738000 	C:\Windows\System32\ucrtbase.dll
0x00007ff9ef8f0000 - 0x00007ff9efb59000 	C:\Windows\WinSxS\amd64_microsoft.windows.common-controls_6595b64144ccf1df_6.0.17134.1792_none_d40515b57c8b8c01\COMCTL32.dll
0x00007ffa007d0000 - 0x00007ffa0086e000 	C:\Windows\System32\msvcrt.dll
0x00007ff9ff870000 - 0x00007ff9ffb91000 	C:\Windows\System32\combase.dll
0x00007ff9ffe10000 - 0x00007ff9fff34000 	C:\Windows\System32\RPCRT4.dll
0x00007ff9fd5c0000 - 0x00007ff9fd639000 	C:\Windows\System32\bcryptPrimitives.dll
0x00007ffa005c0000 - 0x00007ffa005ed000 	C:\Windows\System32\IMM32.DLL
0x00007ff9f1b10000 - 0x00007ff9f1b27000 	C:\Program Files\JetBrains\PyCharm Community Edition 2019.1.3\jre64\bin\vcruntime140.dll
0x00007ff9d0ec0000 - 0x00007ff9d0f5d000 	C:\Program Files\JetBrains\PyCharm Community Edition 2019.1.3\jre64\bin\msvcp140.dll
0x00007ff9c50d0000 - 0x00007ff9c5b86000 	C:\Program Files\JetBrains\PyCharm Community Edition 2019.1.3\jre64\bin\server\jvm.dll
0x00007ffa008d0000 - 0x00007ffa00971000 	C:\Windows\System32\ADVAPI32.dll
0x00007ff9fff40000 - 0x00007ff9fff9b000 	C:\Windows\System32\sechost.dll
0x00007ffa00790000 - 0x00007ffa00798000 	C:\Windows\System32\PSAPI.DLL
0x00007ff9f9710000 - 0x00007ff9f9719000 	C:\Windows\SYSTEM32\WSOCK32.dll
0x00007ffa00550000 - 0x00007ffa005bc000 	C:\Windows\System32\WS2_32.dll
0x00007ff9faf70000 - 0x00007ff9faf93000 	C:\Windows\SYSTEM32\WINMM.dll
0x00007ff9f0a70000 - 0x00007ff9f0a7a000 	C:\Windows\SYSTEM32\VERSION.dll
0x00007ff9fab20000 - 0x00007ff9fab4a000 	C:\Windows\SYSTEM32\winmmbase.dll
0x00007ff9fd740000 - 0x00007ff9fd789000 	C:\Windows\System32\cfgmgr32.dll
0x00007ff9fd0e0000 - 0x00007ff9fd0f1000 	C:\Windows\System32\kernel.appcore.dll
0x00007ff9e3c70000 - 0x00007ff9e3c81000 	C:\Program Files\JetBrains\PyCharm Community Edition 2019.1.3\jre64\bin\verify.dll
0x00007ff9d21f0000 - 0x00007ff9d23b9000 	C:\Windows\SYSTEM32\DBGHELP.DLL
0x00007ff9d2400000 - 0x00007ff9d2429000 	C:\Windows\SYSTEM32\dbgcore.DLL
0x00007ff9e3c40000 - 0x00007ff9e3c69000 	C:\Program Files\JetBrains\PyCharm Community Edition 2019.1.3\jre64\bin\java.dll
0x00007ff9e3c20000 - 0x00007ff9e3c37000 	C:\Program Files\JetBrains\PyCharm Community Edition 2019.1.3\jre64\bin\zip.dll
0x00007ff9f9610000 - 0x00007ff9f961b000 	C:\Program Files\JetBrains\PyCharm Community Edition 2019.1.3\jre64\bin\jimage.dll

dbghelp: loaded successfully - version: 4.0.5 - missing functions: none
symbol engine: initialized successfully - sym options: 0x614 - pdb path: .;C:\Program Files\JetBrains\PyCharm Community Edition 2019.1.3\jre64\bin;C:\Windows\SYSTEM32;C:\Windows\WinSxS\amd64_microsoft.windows.common-controls_6595b64144ccf1df_6.0.17134.1792_none_d40515b57c8b8c01;C:\Program Files\JetBrains\PyCharm Community Edition 2019.1.3\jre64\bin\server

VM Arguments:
java_command: org.jetbrains.git4idea.http.GitAskPassApp Username for 'http://cngit.fir.ai': 
java_class_path (initial): C:/Program Files/JetBrains/PyCharm Community Edition 2019.1.3/plugins/git4idea/lib/git4idea-rt.jar;C:/Program Files/JetBrains/PyCharm Community Edition 2019.1.3/lib/xmlrpc-2.0.1.jar;C:/Program Files/JetBrains/PyCharm Community Edition 2019.1.3/lib/commons-codec-1.10.jar;C:/Program Files/JetBrains/PyCharm Community Edition 2019.1.3/lib/util.jar
Launcher Type: SUN_STANDARD

[Global flags]
     intx CICompilerCount                          = 4                                         {product} {ergonomic}
     uint ConcGCThreads                            = 2                                         {product} {ergonomic}
     uint G1ConcRefinementThreads                  = 8                                         {product} {ergonomic}
   size_t G1HeapRegionSize                         = 1048576                                   {product} {ergonomic}
    uintx GCDrainStackTargetSize                   = 64                                        {product} {ergonomic}
   size_t InitialHeapSize                          = 268435456                                 {product} {ergonomic}
   size_t MarkStackSize                            = 4194304                                   {product} {ergonomic}
   size_t MaxHeapSize                              = 4265607168                                {product} {ergonomic}
   size_t MinHeapDeltaBytes                        = 1048576                                   {product} {ergonomic}
    uintx NonNMethodCodeHeapSize                   = 5835340                                {pd product} {ergonomic}
    uintx NonProfiledCodeHeapSize                  = 122911450                              {pd product} {ergonomic}
    uintx ProfiledCodeHeapSize                     = 122911450                              {pd product} {ergonomic}
    uintx ReservedCodeCacheSize                    = 251658240                              {pd product} {ergonomic}
     bool SegmentedCodeCache                       = true                                      {product} {ergonomic}
     bool UseCompressedClassPointers               = true                                 {lp64_product} {ergonomic}
     bool UseCompressedOops                        = true                                 {lp64_product} {ergonomic}
     bool UseG1GC                                  = true                                      {product} {ergonomic}
     bool UseLargePagesIndividualAllocation        = false                                  {pd product} {ergonomic}

Logging:
Log output configuration:
 #0: stdout all=warning uptime,level,tags
 #1: stderr all=off uptime,level,tags

Environment Variables:
JAVA_HOME=C:\Program Files\Java\jdk1.8.0_172
CLASSPATH=.;C:\Program Files\Java\jdk1.8.0_172\lib;C:\Program Files\Java\jdk1.8.0_172\lib\tools.jar
PATH=C:/Program Files/Git/mingw64/libexec/git-core;C:/Program Files/Git/mingw64/libexec/git-core;C:\Program Files\Git\mingw64\bin;C:\Program Files\Git\usr\bin;C:\Users\fir\bin;C:\Program Files (x86)\NetSarang\Xftp 6\;C:\Program Files (x86)\NetSarang\Xshell 6\;C:\Program Files (x86)\Common Files\Oracle\Java\javapath;C:\Windows\system32;C:\Windows;C:\Windows\System32\Wbem;C:\Windows\System32\WindowsPowerShell\v1.0\;C:\Windows\System32\OpenSSH\;C:\Program Files\Java\jdk1.8.0_172\bin;C:\Program Files\Java\jdk1.8.0_172\jre\bin;C:\Program Files\Git\cmd;C:\Program Files\Microsoft VS Code\bin;C:\Program Files\nodejs\;C:\Users\fir\AppData\Local\Programs\Python\Python37\Scripts\;C:\Users\fir\AppData\Local\Programs\Python\Python37\;C:\Users\fir\AppData\Local\Microsoft\WindowsApps;C:\Program Files\JetBrains\PyCharm Community Edition 2019.1.3\bin;C:\Users\fir\AppData\Roaming\npm;C:\Users\fir\AppData\Local\Programs\Fiddler;C:\2services\apache-jmeter-4.0\bin;
USERNAME=fir
DISPLAY=:0.0
OS=Windows_NT
PROCESSOR_IDENTIFIER=Intel64 Family 6 Model 142 Stepping 10, GenuineIntel



---------------  S Y S T E M  ---------------

OS: Windows 10 , 64 bit Build 17134 (10.0.17134.1425)

CPU:total 8 (initial active 8) (4 cores per cpu, 2 threads per core) family 6 model 142 stepping 10, cmov, cx8, fxsr, mmx, sse, sse2, sse3, ssse3, sse4.1, sse4.2, popcnt, avx, avx2, aes, clmul, erms, 3dnowpref, lzcnt, ht, tsc, tscinvbit, bmi1, bmi2, adx, fma

Memory: 4k page, system-wide physical 16268M (1738M free)
TotalPageFile size 26508M (AvailPageFile size 93M)
current process WorkingSet (physical memory assigned to process): 10M, peak: 10M
current process commit charge ("private bytes"): 60M, peak: 316M

vm_info: OpenJDK 64-Bit Server VM (11.0.2+9-b159.60) for windows-amd64 JRE (11.0.2+9-b159.60), built on May 17 2019 14:03:25 by "" with MS VC++ 14.0 (VS2015)

END.
