#
# There is insufficient memory for the Java Runtime Environment to continue.
# Native memory allocation (mmap) failed to map 268435456 bytes for Failed to commit area from 0x0000000701c00000 to 0x0000000711c00000 of length 268435456.
# Possible reasons:
#   The system is out of physical RAM or swap space
#   The process is running with CompressedOops enabled, and the Java Heap may be blocking the growth of the native heap
# Possible solutions:
#   Reduce memory load on the system
#   Increase physical memory or swap space
#   Check if swap backing store is full
#   Decrease Java heap size (-Xmx/-Xms)
#   Decrease number of Java threads
#   Decrease Java thread stack sizes (-Xss)
#   Set larger code cache with -XX:ReservedCodeCacheSize=
# This output file may be truncated or incomplete.
#
#  Out of Memory Error (c:/BuildAgent/work/64e6ab55ab19e5a9/src/hotspot/os/windows/os_windows.cpp:3272), pid=7092, tid=25364
#
# JRE version:  (11.0.2+9) (build )
# Java VM: OpenJDK 64-Bit Server VM (11.0.2+9-b159.60, mixed mode, aot, sharing, tiered, compressed oops, g1 gc, windows-amd64)
# No core dump will be written. Minidumps are not enabled by default on client versions of Windows
#

---------------  S U M M A R Y ------------

Command Line: org.jetbrains.git4idea.http.GitAskPassApp Username for 'http://cngit.fir.ai': 

Host: Intel(R) Core(TM) i7-8550U CPU @ 1.80GHz, 8 cores, 15G,  Windows 10 , 64 bit Build 17134 (10.0.17134.1425)
Time: Tue Dec 29 16:28:43 2020 ?D1¨²¡À¨º¡Á?¨º¡À?? elapsed time: 0 seconds (0d 0h 0m 0s)

---------------  T H R E A D  ---------------

Current thread (0x0000027b87ac7000):  JavaThread "Unknown thread" [_thread_in_vm, id=25364, stack(0x000000d125200000,0x000000d125300000)]

Stack: [0x000000d125200000,0x000000d125300000]
Native frames: (J=compiled Java code, j=interpreted, Vv=VM code, C=native code)
V  [jvm.dll+0x5da82a]
V  [jvm.dll+0x70b6c9]
V  [jvm.dll+0x70cbe8]
V  [jvm.dll+0x70d2b3]
V  [jvm.dll+0x240f18]
V  [jvm.dll+0x5d7fc4]
V  [jvm.dll+0x5cd115]
V  [jvm.dll+0x2fa5eb]
V  [jvm.dll+0x2fa55a]
V  [jvm.dll+0x2fa432]
V  [jvm.dll+0x2ff316]
V  [jvm.dll+0x347993]
V  [jvm.dll+0x348096]
V  [jvm.dll+0x347a93]
V  [jvm.dll+0x2d5588]
V  [jvm.dll+0x2d66c7]
V  [jvm.dll+0x6eaac7]
V  [jvm.dll+0x6ec22c]
V  [jvm.dll+0x3551c9]
V  [jvm.dll+0x6d274e]
V  [jvm.dll+0x3bd953]
V  [jvm.dll+0x3bfcc1]
C  [java.exe+0x3763]
C  [java.exe+0x17a0c]
C  [KERNEL32.DLL+0x14034]
C  [ntdll.dll+0x73691]


---------------  P R O C E S S  ---------------

Threads class SMR info:
_java_thread_list=0x0000027b858aa320, length=0, elements={
}

Java Threads: ( => current thread )

Other Threads:
  0x0000027b87adc000 GCTaskThread "GC Thread#0" [stack: 0x000000d125300000,0x000000d125400000] [id=20204]
  0x0000027b87b39000 ConcurrentGCThread "G1 Main Marker" [stack: 0x000000d125400000,0x000000d125500000] [id=27584]
  0x0000027b87b3a800 ConcurrentGCThread "G1 Conc#0" [stack: 0x000000d125500000,0x000000d125600000] [id=3580]

[error occurred during error reporting (printing all threads), id 0xc0000005, EXCEPTION_ACCESS_VIOLATION (0xc0000005) at pc=0x00007ffe014d5687]

VM state:not at safepoint (not fully initialized)

VM Mutex/Monitor currently owned by a thread:  ([mutex/lock_event])
[0x0000027b87ac4b70] Heap_lock - owner thread: 0x0000027b87ac7000

Heap address: 0x0000000701c00000, size: 4068 MB, Compressed Oops mode: Non-zero based: 0x0000000701c00000
Narrow klass base: 0x0000000000000000, Narrow klass shift: 0

GC Heap History (0 events):
No events

Deoptimization events (0 events):
No events

Classes redefined (0 events):
No events

Internal exceptions (0 events):
No events

Events (0 events):
No events


Dynamic libraries:
0x00007ff69a290000 - 0x00007ff69a2d7000 	C:\Program Files\JetBrains\PyCharm Community Edition 2019.1.3\jre64\bin\java.exe
0x00007ffe3f2e0000 - 0x00007ffe3f4c1000 	C:\Windows\SYSTEM32\ntdll.dll
0x00007ffe3eec0000 - 0x00007ffe3ef71000 	C:\Windows\System32\KERNEL32.DLL
0x00007ffe3c4d0000 - 0x00007ffe3c743000 	C:\Windows\System32\KERNELBASE.dll
0x00007ffe3c820000 - 0x00007ffe3c9b1000 	C:\Windows\System32\USER32.dll
0x00007ffe3c290000 - 0x00007ffe3c2b0000 	C:\Windows\System32\win32u.dll
0x00007ffe3d3e0000 - 0x00007ffe3d408000 	C:\Windows\System32\GDI32.dll
0x00007ffe3b6e0000 - 0x00007ffe3b873000 	C:\Windows\System32\gdi32full.dll
0x00007ffe3c360000 - 0x00007ffe3c3ff000 	C:\Windows\System32\msvcp_win.dll
0x00007ffe3c190000 - 0x00007ffe3c288000 	C:\Windows\System32\ucrtbase.dll
0x00007ffe2e0f0000 - 0x00007ffe2e359000 	C:\Windows\WinSxS\amd64_microsoft.windows.common-controls_6595b64144ccf1df_6.0.17134.1902_none_d3fc12d37c93a894\COMCTL32.dll
0x00007ffe3d410000 - 0x00007ffe3d4ae000 	C:\Windows\System32\msvcrt.dll
0x00007ffe3ef80000 - 0x00007ffe3f2a1000 	C:\Windows\System32\combase.dll
0x00007ffe3d200000 - 0x00007ffe3d324000 	C:\Windows\System32\RPCRT4.dll
0x00007ffe3c400000 - 0x00007ffe3c479000 	C:\Windows\System32\bcryptPrimitives.dll
0x00007ffe3cbb0000 - 0x00007ffe3cbdd000 	C:\Windows\System32\IMM32.DLL
0x00007ffe34e40000 - 0x00007ffe34e57000 	C:\Program Files\JetBrains\PyCharm Community Edition 2019.1.3\jre64\bin\vcruntime140.dll
0x00007ffe254d0000 - 0x00007ffe2556d000 	C:\Program Files\JetBrains\PyCharm Community Edition 2019.1.3\jre64\bin\msvcp140.dll
0x00007ffe011f0000 - 0x00007ffe01ca6000 	C:\Program Files\JetBrains\PyCharm Community Edition 2019.1.3\jre64\bin\server\jvm.dll
0x00007ffe3d4b0000 - 0x00007ffe3d551000 	C:\Windows\System32\ADVAPI32.dll
0x00007ffe3cb50000 - 0x00007ffe3cbab000 	C:\Windows\System32\sechost.dll
0x00007ffe3cfa0000 - 0x00007ffe3cfa8000 	C:\Windows\System32\PSAPI.DLL
0x00007ffe38180000 - 0x00007ffe381a3000 	C:\Windows\SYSTEM32\WINMM.dll
0x00007ffe34f80000 - 0x00007ffe34f89000 	C:\Windows\SYSTEM32\WSOCK32.dll
0x00007ffe2f050000 - 0x00007ffe2f05a000 	C:\Windows\SYSTEM32\VERSION.dll
0x00007ffe3cfb0000 - 0x00007ffe3d01c000 	C:\Windows\System32\WS2_32.dll
0x00007ffe38150000 - 0x00007ffe3817a000 	C:\Windows\SYSTEM32\winmmbase.dll
0x00007ffe3c480000 - 0x00007ffe3c4c9000 	C:\Windows\System32\cfgmgr32.dll
0x00007ffe3b620000 - 0x00007ffe3b631000 	C:\Windows\System32\kernel.appcore.dll
0x00007ffe347f0000 - 0x00007ffe34801000 	C:\Program Files\JetBrains\PyCharm Community Edition 2019.1.3\jre64\bin\verify.dll
0x00007ffe1cf90000 - 0x00007ffe1d159000 	C:\Windows\SYSTEM32\DBGHELP.DLL
0x00007ffe1cf60000 - 0x00007ffe1cf89000 	C:\Windows\SYSTEM32\dbgcore.DLL
0x00007ffe29500000 - 0x00007ffe29529000 	C:\Program Files\JetBrains\PyCharm Community Edition 2019.1.3\jre64\bin\java.dll
0x00007ffe33800000 - 0x00007ffe33817000 	C:\Program Files\JetBrains\PyCharm Community Edition 2019.1.3\jre64\bin\zip.dll
0x00007ffe2df80000 - 0x00007ffe2df8b000 	C:\Program Files\JetBrains\PyCharm Community Edition 2019.1.3\jre64\bin\jimage.dll

dbghelp: loaded successfully - version: 4.0.5 - missing functions: none
symbol engine: initialized successfully - sym options: 0x614 - pdb path: .;C:\Program Files\JetBrains\PyCharm Community Edition 2019.1.3\jre64\bin;C:\Windows\SYSTEM32;C:\Windows\WinSxS\amd64_microsoft.windows.common-controls_6595b64144ccf1df_6.0.17134.1902_none_d3fc12d37c93a894;C:\Program Files\JetBrains\PyCharm Community Edition 2019.1.3\jre64\bin\server

VM Arguments:
java_command: org.jetbrains.git4idea.http.GitAskPassApp Username for 'http://cngit.fir.ai': 
java_class_path (initial): C:/Program Files/JetBrains/PyCharm Community Edition 2019.1.3/plugins/git4idea/lib/git4idea-rt.jar;C:/Program Files/JetBrains/PyCharm Community Edition 2019.1.3/lib/xmlrpc-2.0.1.jar;C:/Program Files/JetBrains/PyCharm Community Edition 2019.1.3/lib/commons-codec-1.10.jar;C:/Program Files/JetBrains/PyCharm Community Edition 2019.1.3/lib/util.jar
Launcher Type: SUN_STANDARD

[Global flags]
     intx CICompilerCount                          = 4                                         {product} {ergonomic}
     uint ConcGCThreads                            = 2                                         {product} {ergonomic}
     uint G1ConcRefinementThreads                  = 8                                         {product} {ergonomic}
   size_t G1HeapRegionSize                         = 1048576                                   {product} {ergonomic}
    uintx GCDrainStackTargetSize                   = 64                                        {product} {ergonomic}
   size_t InitialHeapSize                          = 268435456                                 {product} {ergonomic}
   size_t MarkStackSize                            = 4194304                                   {product} {ergonomic}
   size_t MaxHeapSize                              = 4265607168                                {product} {ergonomic}
   size_t MinHeapDeltaBytes                        = 1048576                                   {product} {ergonomic}
    uintx NonNMethodCodeHeapSize                   = 5835340                                {pd product} {ergonomic}
    uintx NonProfiledCodeHeapSize                  = 122911450                              {pd product} {ergonomic}
    uintx ProfiledCodeHeapSize                     = 122911450                              {pd product} {ergonomic}
    uintx ReservedCodeCacheSize                    = 251658240                              {pd product} {ergonomic}
     bool SegmentedCodeCache                       = true                                      {product} {ergonomic}
     bool UseCompressedClassPointers               = true                                 {lp64_product} {ergonomic}
     bool UseCompressedOops                        = true                                 {lp64_product} {ergonomic}
     bool UseG1GC                                  = true                                      {product} {ergonomic}
     bool UseLargePagesIndividualAllocation        = false                                  {pd product} {ergonomic}

Logging:
Log output configuration:
 #0: stdout all=warning uptime,level,tags
 #1: stderr all=off uptime,level,tags

Environment Variables:
JAVA_HOME=C:\Program Files\Java\jdk1.8.0_172
CLASSPATH=.;C:\Program Files\Java\jdk1.8.0_172\lib;C:\Program Files\Java\jdk1.8.0_172\lib\tools.jar
PATH=C:/Program Files/Git/mingw64/libexec/git-core;C:/Program Files/Git/mingw64/libexec/git-core;C:\Program Files\Git\mingw64\bin;C:\Program Files\Git\usr\bin;C:\Users\fir\bin;C:\Program Files (x86)\NetSarang\Xftp 6\;C:\Program Files (x86)\NetSarang\Xshell 6\;C:\Program Files (x86)\Common Files\Oracle\Java\javapath;C:\Windows\system32;C:\Windows;C:\Windows\System32\Wbem;C:\Windows\System32\WindowsPowerShell\v1.0\;C:\Windows\System32\OpenSSH\;C:\Program Files\Java\jdk1.8.0_172\bin;C:\Program Files\Java\jdk1.8.0_172\jre\bin;C:\Program Files\Git\cmd;C:\Program Files\Microsoft VS Code\bin;C:\Program Files\nodejs\;C:\Users\fir\AppData\Local\Programs\Python\Python37\Scripts\;C:\Users\fir\AppData\Local\Programs\Python\Python37\;C:\Users\fir\AppData\Local\Microsoft\WindowsApps;C:\Program Files\JetBrains\PyCharm Community Edition 2019.1.3\bin;C:\Users\fir\AppData\Roaming\npm;C:\Users\fir\AppData\Local\Programs\Fiddler;C:\2services\apache-jmeter-4.0\bin;
USERNAME=fir
DISPLAY=:0.0
OS=Windows_NT
PROCESSOR_IDENTIFIER=Intel64 Family 6 Model 142 Stepping 10, GenuineIntel



---------------  S Y S T E M  ---------------

OS: Windows 10 , 64 bit Build 17134 (10.0.17134.1425)

CPU:total 8 (initial active 8) (4 cores per cpu, 2 threads per core) family 6 model 142 stepping 10, cmov, cx8, fxsr, mmx, sse, sse2, sse3, ssse3, sse4.1, sse4.2, popcnt, avx, avx2, aes, clmul, erms, 3dnowpref, lzcnt, ht, tsc, tscinvbit, bmi1, bmi2, adx, fma

Memory: 4k page, system-wide physical 16268M (1273M free)
TotalPageFile size 26508M (AvailPageFile size 250M)
current process WorkingSet (physical memory assigned to process): 10M, peak: 10M
current process commit charge ("private bytes"): 60M, peak: 316M

vm_info: OpenJDK 64-Bit Server VM (11.0.2+9-b159.60) for windows-amd64 JRE (11.0.2+9-b159.60), built on May 17 2019 14:03:25 by "" with MS VC++ 14.0 (VS2015)

END.
