#
# There is insufficient memory for the Java Runtime Environment to continue.
# Native memory allocation (malloc) failed to allocate 368656 bytes for Chunk::new
# Possible reasons:
#   The system is out of physical RAM or swap space
#   The process is running with CompressedOops enabled, and the Java Heap may be blocking the growth of the native heap
# Possible solutions:
#   Reduce memory load on the system
#   Increase physical memory or swap space
#   Check if swap backing store is full
#   Decrease Java heap size (-Xmx/-Xms)
#   Decrease number of Java threads
#   Decrease Java thread stack sizes (-Xss)
#   Set larger code cache with -XX:ReservedCodeCacheSize=
#   JVM is running with Zero Based Compressed Oops mode in which the Java heap is
#     placed in the first 32GB address space. The Java Heap base address is the
#     maximum limit for the native heap growth. Please use -XX:HeapBaseMinAddress
#     to set the Java Heap base and to place the Java Heap above 32GB virtual address.
# This output file may be truncated or incomplete.
#
#  Out of Memory Error (c:/BuildAgent/work/64e6ab55ab19e5a9/src/hotspot/share/memory/arena.cpp:197), pid=26824, tid=28236
#
# JRE version:  (11.0.2+9) (build )
# Java VM: OpenJDK 64-Bit Server VM (11.0.2+9-b159.60, mixed mode, sharing, tiered, compressed oops, g1 gc, windows-amd64)
# No core dump will be written. Minidumps are not enabled by default on client versions of Windows
#

---------------  S U M M A R Y ------------

Command Line: org.jetbrains.git4idea.http.GitAskPassApp Password for 'http://qinchuan.he@cngit.fir.ai': 

Host: Intel(R) Core(TM) i7-8550U CPU @ 1.80GHz, 8 cores, 15G,  Windows 10 , 64 bit Build 17134 (10.0.17134.1425)
Time: Fri Jan  8 14:30:53 2021 ?D1¨²¡À¨º¡Á?¨º¡À?? elapsed time: 0 seconds (0d 0h 0m 0s)

---------------  T H R E A D  ---------------

Current thread (0x000001290bd43000):  JavaThread "Unknown thread" [_thread_in_vm, id=28236, stack(0x0000001cf2400000,0x0000001cf2500000)]

Stack: [0x0000001cf2400000,0x0000001cf2500000]
Native frames: (J=compiled Java code, j=interpreted, Vv=VM code, C=native code)
V  [jvm.dll+0x5da82a]
V  [jvm.dll+0x70b6c9]
V  [jvm.dll+0x70cbe8]
V  [jvm.dll+0x70d2b3]
V  [jvm.dll+0x240f18]
V  [jvm.dll+0xb938c]
V  [jvm.dll+0xb9093]
V  [jvm.dll+0x6a4d33]
V  [jvm.dll+0x58c93a]
V  [jvm.dll+0x6ec34c]
V  [jvm.dll+0x3551c9]
V  [jvm.dll+0x6d274e]
V  [jvm.dll+0x3bd953]
V  [jvm.dll+0x3bfcc1]
C  [java.exe+0x3763]
C  [java.exe+0x17a0c]
C  [KERNEL32.DLL+0x14034]
C  [ntdll.dll+0x73691]


---------------  P R O C E S S  ---------------

Threads class SMR info:
_java_thread_list=0x000001290a4a7f30, length=0, elements={
}

Java Threads: ( => current thread )

Other Threads:
  0x000001290bd5a000 GCTaskThread "GC Thread#0" [stack: 0x0000001cf2500000,0x0000001cf2600000] [id=28748]
  0x000001290bdb8000 ConcurrentGCThread "G1 Main Marker" [stack: 0x0000001cf2600000,0x0000001cf2700000] [id=35532]
  0x000001290bdb9800 ConcurrentGCThread "G1 Conc#0" [stack: 0x0000001cf2700000,0x0000001cf2800000] [id=31024]
  0x000001292ac78000 ConcurrentGCThread "G1 Refine#0" [stack: 0x0000001cf2800000,0x0000001cf2900000] [id=34052]
  0x000001292ac7a000 ConcurrentGCThread "G1 Young RemSet Sampling" [stack: 0x0000001cf2900000,0x0000001cf2a00000] [id=22092]

=>0x000001290bd43000 (exited) JavaThread "Unknown thread" [_thread_in_vm, id=28236, stack(0x0000001cf2400000,0x0000001cf2500000)]

Threads with active compile tasks:

VM state:not at safepoint (not fully initialized)

VM Mutex/Monitor currently owned by a thread: None

Heap address: 0x0000000701c00000, size: 4068 MB, Compressed Oops mode: Zero based, Oop shift amount: 3
Narrow klass base: 0x0000000800000000, Narrow klass shift: 3
Compressed class space size: 1073741824 Address: 0x0000000840000000

GC Heap History (0 events):
No events

Deoptimization events (0 events):
No events

Classes redefined (0 events):
No events

Internal exceptions (0 events):
No events

Events (0 events):
No events


Dynamic libraries:
0x00007ff74a8a0000 - 0x00007ff74a8e7000 	C:\Program Files\JetBrains\PyCharm Community Edition 2019.1.3\jre64\bin\java.exe
0x00007ff9d6fb0000 - 0x00007ff9d7191000 	C:\Windows\SYSTEM32\ntdll.dll
0x00007ff9d62f0000 - 0x00007ff9d63a1000 	C:\Windows\System32\KERNEL32.DLL
0x00007ff9d3820000 - 0x00007ff9d3a93000 	C:\Windows\System32\KERNELBASE.dll
0x00007ff9d47a0000 - 0x00007ff9d4931000 	C:\Windows\System32\USER32.dll
0x00007ff9d4210000 - 0x00007ff9d4230000 	C:\Windows\System32\win32u.dll
0x00007ff9d4a60000 - 0x00007ff9d4a88000 	C:\Windows\System32\GDI32.dll
0x00007ff9d3580000 - 0x00007ff9d3713000 	C:\Windows\System32\gdi32full.dll
0x00007ff9d34e0000 - 0x00007ff9d357f000 	C:\Windows\System32\msvcp_win.dll
0x00007ff9d3720000 - 0x00007ff9d3818000 	C:\Windows\System32\ucrtbase.dll
0x00007ff9c5b70000 - 0x00007ff9c5dd9000 	C:\Windows\WinSxS\amd64_microsoft.windows.common-controls_6595b64144ccf1df_6.0.17134.1902_none_d3fc12d37c93a894\COMCTL32.dll
0x00007ff9d4420000 - 0x00007ff9d44be000 	C:\Windows\System32\msvcrt.dll
0x00007ff9d6880000 - 0x00007ff9d6ba1000 	C:\Windows\System32\combase.dll
0x00007ff9d4670000 - 0x00007ff9d4794000 	C:\Windows\System32\RPCRT4.dll
0x00007ff9d33b0000 - 0x00007ff9d3429000 	C:\Windows\System32\bcryptPrimitives.dll
0x00007ff9d6d30000 - 0x00007ff9d6d5d000 	C:\Windows\System32\IMM32.DLL
0x00007ff9ce770000 - 0x00007ff9ce787000 	C:\Program Files\JetBrains\PyCharm Community Edition 2019.1.3\jre64\bin\vcruntime140.dll
0x00007ff9afd20000 - 0x00007ff9afdbd000 	C:\Program Files\JetBrains\PyCharm Community Edition 2019.1.3\jre64\bin\msvcp140.dll
0x00007ff995b50000 - 0x00007ff996606000 	C:\Program Files\JetBrains\PyCharm Community Edition 2019.1.3\jre64\bin\server\jvm.dll
0x00007ff9d6bb0000 - 0x00007ff9d6c51000 	C:\Windows\System32\ADVAPI32.dll
0x00007ff9d6110000 - 0x00007ff9d616b000 	C:\Windows\System32\sechost.dll
0x00007ff9d44c0000 - 0x00007ff9d44c8000 	C:\Windows\System32\PSAPI.DLL
0x00007ff9cdf10000 - 0x00007ff9cdf33000 	C:\Windows\SYSTEM32\WINMM.dll
0x00007ff9cfed0000 - 0x00007ff9cfed9000 	C:\Windows\SYSTEM32\WSOCK32.dll
0x00007ff9c6c60000 - 0x00007ff9c6c6a000 	C:\Windows\SYSTEM32\VERSION.dll
0x00007ff9d63b0000 - 0x00007ff9d641c000 	C:\Windows\System32\WS2_32.dll
0x00007ff9cdee0000 - 0x00007ff9cdf0a000 	C:\Windows\SYSTEM32\winmmbase.dll
0x00007ff9d41c0000 - 0x00007ff9d4209000 	C:\Windows\System32\cfgmgr32.dll
0x00007ff9d32e0000 - 0x00007ff9d32f1000 	C:\Windows\System32\kernel.appcore.dll
0x00007ff9ce630000 - 0x00007ff9ce641000 	C:\Program Files\JetBrains\PyCharm Community Edition 2019.1.3\jre64\bin\verify.dll
0x00007ff9af880000 - 0x00007ff9afa49000 	C:\Windows\SYSTEM32\DBGHELP.DLL
0x00007ff9b23c0000 - 0x00007ff9b23e9000 	C:\Windows\SYSTEM32\dbgcore.DLL
0x00007ff9cd650000 - 0x00007ff9cd679000 	C:\Program Files\JetBrains\PyCharm Community Edition 2019.1.3\jre64\bin\java.dll
0x00007ff9ccf50000 - 0x00007ff9ccf67000 	C:\Program Files\JetBrains\PyCharm Community Edition 2019.1.3\jre64\bin\zip.dll
0x00007ff9cfe60000 - 0x00007ff9cfe6b000 	C:\Program Files\JetBrains\PyCharm Community Edition 2019.1.3\jre64\bin\jimage.dll

dbghelp: loaded successfully - version: 4.0.5 - missing functions: none
symbol engine: initialized successfully - sym options: 0x614 - pdb path: .;C:\Program Files\JetBrains\PyCharm Community Edition 2019.1.3\jre64\bin;C:\Windows\SYSTEM32;C:\Windows\WinSxS\amd64_microsoft.windows.common-controls_6595b64144ccf1df_6.0.17134.1902_none_d3fc12d37c93a894;C:\Program Files\JetBrains\PyCharm Community Edition 2019.1.3\jre64\bin\server

VM Arguments:
java_command: org.jetbrains.git4idea.http.GitAskPassApp Password for 'http://qinchuan.he@cngit.fir.ai': 
java_class_path (initial): C:/Program Files/JetBrains/PyCharm Community Edition 2019.1.3/plugins/git4idea/lib/git4idea-rt.jar;C:/Program Files/JetBrains/PyCharm Community Edition 2019.1.3/lib/xmlrpc-2.0.1.jar;C:/Program Files/JetBrains/PyCharm Community Edition 2019.1.3/lib/commons-codec-1.10.jar;C:/Program Files/JetBrains/PyCharm Community Edition 2019.1.3/lib/util.jar
Launcher Type: SUN_STANDARD

[Global flags]
     intx CICompilerCount                          = 4                                         {product} {ergonomic}
     uint ConcGCThreads                            = 2                                         {product} {ergonomic}
     uint G1ConcRefinementThreads                  = 8                                         {product} {ergonomic}
   size_t G1HeapRegionSize                         = 1048576                                   {product} {ergonomic}
    uintx GCDrainStackTargetSize                   = 64                                        {product} {ergonomic}
   size_t InitialHeapSize                          = 268435456                                 {product} {ergonomic}
   size_t MarkStackSize                            = 4194304                                   {product} {ergonomic}
   size_t MaxHeapSize                              = 4265607168                                {product} {ergonomic}
   size_t MaxNewSize                               = 2558525440                                {product} {ergonomic}
   size_t MinHeapDeltaBytes                        = 1048576                                   {product} {ergonomic}
    uintx NonNMethodCodeHeapSize                   = 5835340                                {pd product} {ergonomic}
    uintx NonProfiledCodeHeapSize                  = 122911450                              {pd product} {ergonomic}
    uintx ProfiledCodeHeapSize                     = 122911450                              {pd product} {ergonomic}
    uintx ReservedCodeCacheSize                    = 251658240                              {pd product} {ergonomic}
     bool SegmentedCodeCache                       = true                                      {product} {ergonomic}
     bool UseCompressedClassPointers               = true                                 {lp64_product} {ergonomic}
     bool UseCompressedOops                        = true                                 {lp64_product} {ergonomic}
     bool UseG1GC                                  = true                                      {product} {ergonomic}
     bool UseLargePagesIndividualAllocation        = false                                  {pd product} {ergonomic}

Logging:
Log output configuration:
 #0: stdout all=warning uptime,level,tags
 #1: stderr all=off uptime,level,tags

Environment Variables:
JAVA_HOME=C:\Program Files\Java\jdk1.8.0_172
CLASSPATH=.;C:\Program Files\Java\jdk1.8.0_172\lib;C:\Program Files\Java\jdk1.8.0_172\lib\tools.jar
PATH=C:/Program Files/Git/mingw64/libexec/git-core;C:/Program Files/Git/mingw64/libexec/git-core;C:\Program Files\Git\mingw64\bin;C:\Program Files\Git\usr\bin;C:\Users\fir\bin;C:\Program Files (x86)\NetSarang\Xftp 6\;C:\Program Files (x86)\NetSarang\Xshell 6\;C:\Program Files (x86)\Common Files\Oracle\Java\javapath;C:\Windows\system32;C:\Windows;C:\Windows\System32\Wbem;C:\Windows\System32\WindowsPowerShell\v1.0\;C:\Windows\System32\OpenSSH\;C:\Program Files\Java\jdk1.8.0_172\bin;C:\Program Files\Java\jdk1.8.0_172\jre\bin;C:\Program Files\Git\cmd;C:\Program Files\Microsoft VS Code\bin;C:\Program Files\nodejs\;C:\Users\fir\AppData\Local\Programs\Python\Python37\Scripts\;C:\Users\fir\AppData\Local\Programs\Python\Python37\;C:\Users\fir\AppData\Local\Microsoft\WindowsApps;C:\Program Files\JetBrains\PyCharm Community Edition 2019.1.3\bin;C:\Users\fir\AppData\Roaming\npm;C:\Users\fir\AppData\Local\Programs\Fiddler;C:\2services\apache-jmeter-4.0\bin;
USERNAME=fir
DISPLAY=:0.0
OS=Windows_NT
PROCESSOR_IDENTIFIER=Intel64 Family 6 Model 142 Stepping 10, GenuineIntel



---------------  S Y S T E M  ---------------

OS: Windows 10 , 64 bit Build 17134 (10.0.17134.1425)

CPU:total 8 (initial active 8) (4 cores per cpu, 2 threads per core) family 6 model 142 stepping 10, cmov, cx8, fxsr, mmx, sse, sse2, sse3, ssse3, sse4.1, sse4.2, popcnt, avx, avx2, aes, clmul, erms, 3dnowpref, lzcnt, ht, tsc, tscinvbit, bmi1, bmi2, adx, fma

Memory: 4k page, system-wide physical 16268M (1398M free)
TotalPageFile size 26508M (AvailPageFile size 4M)
current process WorkingSet (physical memory assigned to process): 21M, peak: 21M
current process commit charge ("private bytes"): 332M, peak: 332M

vm_info: OpenJDK 64-Bit Server VM (11.0.2+9-b159.60) for windows-amd64 JRE (11.0.2+9-b159.60), built on May 17 2019 14:03:25 by "" with MS VC++ 14.0 (VS2015)

END.
